\BOOKMARK [1][-]{section*.6}{\376\377\0001\000.\000\040\000T\000H\000E\000\040\000S\000U\000R\000E\000\040\000T\000R\000U\000S\000T}{}% 1
\BOOKMARK [2][-]{section*.7}{\376\377\000I\000n\000t\000r\000o\000d\000u\000c\000t\000i\000o\000n\000\040\000t\000o\000\040\000T\000h\000e\000\040\000S\000U\000R\000E\000\040\000T\000R\000U\000S\000T}{section*.6}% 2
\BOOKMARK [2][-]{section*.8}{\376\377\000V\000i\000s\000i\000o\000n\000\040\000o\000f\000\040\000t\000h\000e\000\040\000S\000U\000R\000E\000\040\000T\000R\000U\000S\000T}{section*.6}% 3
\BOOKMARK [2][-]{section*.9}{\376\377\000M\000i\000s\000s\000i\000o\000n\000\040\000o\000f\000\040\000t\000h\000e\000\040\000S\000U\000R\000E\000\040\000T\000R\000U\000S\000T}{section*.6}% 4
\BOOKMARK [2][-]{section*.10}{\376\377\000F\000u\000n\000c\000t\000i\000o\000n\000i\000n\000g\000\040\000o\000f\000\040\000t\000h\000e\000\040\000S\000U\000R\000E\000\040\000T\000R\000U\000S\000T}{section*.6}% 5
\BOOKMARK [1][-]{section*.11}{\376\377\0002\000.\000\040\000C\000o\000u\000r\000s\000e\000\040\000C\000o\000n\000t\000e\000n\000t}{}% 6
\BOOKMARK [1][-]{section*.12}{\376\377\0003\000.\000\040\000E\000m\000b\000e\000d\000d\000e\000d\000\040\000S\000y\000s\000t\000e\000m\000s\000\040\000a\000n\000d\000\040\000I\000o\000T}{}% 7
\BOOKMARK [2][-]{section*.13}{\376\377\000O\000b\000j\000e\000c\000t\000i\000v\000e}{section*.12}% 8
\BOOKMARK [2][-]{section*.14}{\376\377\000C\000o\000u\000r\000s\000e\000\040\000C\000o\000n\000t\000e\000n\000t}{section*.12}% 9
\BOOKMARK [3][-]{section*.15}{\376\377\000M\000o\000d\000u\000l\000e\000\040\0001\000:\000\040\000I\000n\000t\000r\000o\000d\000u\000c\000t\000i\000o\000n\000\040\000t\000o\000\040\000E\000m\000b\000e\000d\000d\000e\000d\000\040\000S\000y\000s\000t\000e\000m}{section*.14}% 10
\BOOKMARK [3][-]{section*.16}{\376\377\000M\000o\000d\000u\000l\000e\000\040\0002\000:\000\040\000B\000a\000s\000i\000c\000\040\000E\000l\000e\000c\000t\000r\000o\000n\000i\000c\000s}{section*.14}% 11
\BOOKMARK [3][-]{section*.17}{\376\377\000M\000o\000d\000u\000l\000e\000\040\0003\000:\000\040\000M\000i\000c\000r\000o\000\040\000c\000o\000n\000t\000r\000o\000l\000l\000e\000r}{section*.14}% 12
\BOOKMARK [3][-]{section*.18}{\376\377\000M\000o\000d\000u\000l\000e\000\040\0004\000:\000\040\000U\000n\000d\000e\000r\000s\000t\000a\000n\000d\000i\000n\000g\000\040\000t\000h\000e\000\040\000A\000r\000d\000u\000i\000n\000o\000\040\000\050\000A\000T\000M\000E\000G\000A\0003\0002\0008\000\051}{section*.14}% 13
\BOOKMARK [3][-]{section*.19}{\376\377\000M\000o\000d\000u\000l\000e\000\040\0005\000:\000\040\000W\000o\000r\000k\000i\000n\000g\000\040\000o\000n\000\040\000P\000r\000o\000j\000e\000c\000t\000s}{section*.14}% 14
\BOOKMARK [3][-]{section*.20}{\376\377\000M\000o\000d\000u\000l\000e\000\040\0006\000\040\000:\000\040\000H\000o\000w\000\040\000t\000o\000\040\000d\000e\000s\000i\000g\000n\000\040\000o\000u\000r\000\040\000o\000w\000n\000\040\000E\000m\000b\000e\000d\000d\000e\000d\000\040\000S\000y\000s\000t\000e\000m}{section*.14}% 15
\BOOKMARK [2][-]{section*.21}{\376\377\000C\000o\000n\000d\000u\000c\000t\000\040\000o\000f\000\040\000t\000h\000e\000\040\000C\000o\000u\000r\000s\000e}{section*.12}% 16
\BOOKMARK [2][-]{section*.22}{\376\377\000S\000t\000u\000d\000e\000n\000t\000\040\000B\000y\000e\000l\000a\000w\000s}{section*.12}% 17
\BOOKMARK [1][-]{section*.23}{\376\377\0004\000.\000\040\000E\000A\000C\000H\000\040\000O\000N\000E\000\040\000P\000L\000A\000N\000T\000\040\000O\000N\000E\000\040\000-\000\040\000A\000n\000\040\000I\000n\000i\000t\000i\000a\000t\000i\000v\000e\000\040\000B\000y\000\040\000S\000U\000R\000E\000\040\000T\000r\000u\000s\000t}{}% 18
\BOOKMARK [1][-]{section*.25}{\376\377\000P\000R\000O\000J\000E\000C\000T\000S}{}% 19
\BOOKMARK [1][-]{section*.27}{\376\377\0001\000.\000\040\000P\000a\000s\000s\000w\000o\000r\000d\000\040\000P\000r\000o\000t\000e\000c\000t\000i\000o\000n\000\040\000U\000s\000i\000n\000g\000\040\000P\000u\000s\000h\000\040\000B\000u\000t\000t\000o\000n\000s}{}% 20
\BOOKMARK [2][-]{section*.28}{\376\377\000D\000e\000s\000c\000r\000i\000p\000t\000i\000o\000n}{section*.27}% 21
\BOOKMARK [2][-]{section*.29}{\376\377\000B\000l\000o\000c\000k\000\040\000D\000i\000a\000g\000r\000a\000m}{section*.27}% 22
\BOOKMARK [2][-]{section*.31}{\376\377\000I\000n\000p\000u\000t\000\040\000a\000n\000d\000\040\000O\000u\000t\000p\000u\000t}{section*.27}% 23
\BOOKMARK [2][-]{section*.32}{\376\377\000S\000o\000u\000r\000c\000e\000\040\000C\000o\000d\000e}{section*.27}% 24
\BOOKMARK [2][-]{section*.33}{\376\377\000C\000i\000r\000c\000u\000i\000t\000\040\000o\000r\000\040\000S\000c\000h\000e\000m\000a\000t\000i\000c}{section*.27}% 25
\BOOKMARK [1][-]{section*.36}{\376\377\0002\000.\000\040\000C\000a\000l\000c\000u\000l\000a\000t\000o\000r\000\040\000U\000s\000i\000n\000g\000\040\000A\000r\000d\000u\000i\000n\000o\000\040\000U\000N\000O}{}% 26
\BOOKMARK [2][-]{section*.37}{\376\377\000D\000e\000s\000c\000r\000i\000p\000t\000i\000o\000n}{section*.36}% 27
\BOOKMARK [2][-]{section*.38}{\376\377\000B\000l\000o\000c\000k\000\040\000D\000i\000a\000g\000r\000a\000m}{section*.36}% 28
\BOOKMARK [2][-]{section*.40}{\376\377\000I\000n\000p\000u\000t\000\040\000a\000n\000d\000\040\000O\000u\000t\000p\000u\000t}{section*.36}% 29
\BOOKMARK [2][-]{section*.41}{\376\377\000S\000o\000u\000r\000c\000e\000\040\000C\000o\000d\000e}{section*.36}% 30
\BOOKMARK [2][-]{section*.42}{\376\377\000C\000i\000r\000c\000u\000i\000t\000\040\000o\000r\000\040\000S\000c\000h\000e\000m\000a\000t\000i\000c}{section*.36}% 31
\BOOKMARK [1][-]{section*.45}{\376\377\0003\000.\000\040\000D\000i\000s\000p\000l\000a\000y\000\040\000D\000a\000t\000e\000\040\000A\000n\000d\000\040\000T\000i\000m\000e\000\040\000U\000s\000i\000n\000g\000\040\000R\000T\000C\000\040\000m\000o\000d\000u\000l\000e}{}% 32
\BOOKMARK [2][-]{section*.46}{\376\377\000D\000e\000s\000c\000r\000i\000p\000t\000i\000o\000n}{section*.45}% 33
\BOOKMARK [2][-]{section*.47}{\376\377\000B\000l\000o\000c\000k\000\040\000D\000i\000a\000g\000r\000a\000m}{section*.45}% 34
\BOOKMARK [2][-]{section*.49}{\376\377\000I\000n\000p\000u\000t\000\040\000a\000n\000d\000\040\000O\000u\000t\000p\000u\000t}{section*.45}% 35
\BOOKMARK [2][-]{section*.50}{\376\377\000S\000o\000u\000r\000c\000e\000\040\000C\000o\000d\000e}{section*.45}% 36
\BOOKMARK [2][-]{section*.51}{\376\377\000C\000i\000r\000c\000u\000i\000t\000\040\000o\000r\000\040\000S\000c\000h\000e\000m\000a\000t\000i\000c}{section*.45}% 37
\BOOKMARK [1][-]{section*.54}{\376\377\0004\000.\000\040\000D\000e\000s\000i\000g\000n\000i\000n\000g\000\040\000E\000E\000P\000R\000O\000M\000\040\000b\000a\000s\000e\000d\000\040\000C\000o\000u\000n\000t\000i\000n\000g\000\040\000I\000n\000d\000u\000s\000t\000r\000y\000\040\000p\000r\000o\000d\000u\000c\000t}{}% 38
\BOOKMARK [2][-]{section*.55}{\376\377\000D\000e\000s\000c\000r\000i\000p\000t\000i\000o\000n}{section*.54}% 39
\BOOKMARK [2][-]{section*.56}{\376\377\000B\000l\000o\000c\000k\000\040\000D\000i\000a\000g\000r\000a\000m}{section*.54}% 40
\BOOKMARK [2][-]{section*.58}{\376\377\000I\000n\000p\000u\000t\000\040\000a\000n\000d\000\040\000O\000u\000t\000p\000u\000t}{section*.54}% 41
\BOOKMARK [2][-]{section*.59}{\376\377\000S\000o\000u\000r\000c\000e\000\040\000C\000o\000d\000e}{section*.54}% 42
\BOOKMARK [2][-]{section*.60}{\376\377\000C\000i\000r\000c\000u\000i\000t\000\040\000o\000r\000\040\000S\000c\000h\000e\000m\000a\000t\000i\000c}{section*.54}% 43
\BOOKMARK [1][-]{section*.63}{\376\377\0005\000.\000\040\000A\000u\000t\000o\000m\000a\000t\000i\000c\000\040\000W\000a\000s\000h\000i\000n\000g\000\040\000M\000a\000c\000h\000i\000n\000e\000\040\000u\000s\000i\000n\000g\000\040\000A\000r\000d\000u\000i\000n\000o\000\040\000U\000N\000O}{}% 44
\BOOKMARK [2][-]{section*.64}{\376\377\000D\000e\000s\000c\000r\000i\000p\000t\000i\000o\000n}{section*.63}% 45
\BOOKMARK [2][-]{section*.65}{\376\377\000B\000l\000o\000c\000k\000\040\000D\000i\000a\000g\000r\000a\000m}{section*.63}% 46
\BOOKMARK [2][-]{section*.67}{\376\377\000I\000n\000p\000u\000t\000\040\000a\000n\000d\000\040\000O\000u\000t\000p\000u\000t}{section*.63}% 47
\BOOKMARK [2][-]{section*.68}{\376\377\000S\000o\000u\000r\000c\000e\000\040\000C\000o\000d\000e}{section*.63}% 48
\BOOKMARK [2][-]{section*.69}{\376\377\000C\000i\000r\000c\000u\000i\000t\000\040\000o\000r\000\040\000S\000c\000h\000e\000m\000a\000t\000i\000c}{section*.63}% 49
\BOOKMARK [1][-]{section*.71}{\376\377\000H\000o\000w\000\040\000t\000o\000\040\000S\000h\000o\000w\000c\000a\000s\000e\000\040\000o\000n\000\040\000G\000i\000t\000H\000u\000b\000?}{}% 50
\BOOKMARK [2][-]{section*.72}{\376\377\000K\000e\000y\000\040\000C\000o\000m\000p\000o\000n\000e\000n\000t\000s\000\040\000f\000o\000r\000\040\000S\000t\000r\000o\000n\000g\000\040\000T\000e\000c\000h\000n\000i\000c\000a\000l\000\040\000P\000o\000r\000t\000f\000o\000l\000i\000o\000s}{section*.71}% 51
\BOOKMARK [3][-]{section*.73}{\376\377\000D\000o\000c\000u\000m\000e\000n\000t\000a\000t\000i\000o\000n\000:}{section*.72}% 52
\BOOKMARK [3][-]{section*.74}{\376\377\000F\000i\000r\000m\000w\000a\000r\000e\000:}{section*.72}% 53
\BOOKMARK [3][-]{section*.75}{\376\377\000H\000a\000r\000d\000w\000a\000r\000e\000:}{section*.72}% 54
\BOOKMARK [1][-]{section*.76}{\376\377\000S\000t\000u\000d\000e\000n\000t\000\040\000F\000e\000e\000d\000b\000a\000c\000k}{}% 55
\BOOKMARK [1][-]{section*.77}{\376\377\000U\000n\000i\000q\000u\000e\000n\000e\000s\000s\000\040\000o\000f\000\040\000t\000h\000e\000\040\000C\000o\000u\000r\000s\000e}{}% 56
\BOOKMARK [1][-]{section*.78}{\376\377\000C\000o\000n\000c\000l\000u\000d\000i\000n\000g\000\040\000R\000e\000m\000a\000r\000k\000s}{}% 57
