This is pdfTeX, Version 3.141592653-2.6-1.40.24 (MiKTeX 22.10) (preloaded format=pdflatex 2023.2.11)  26 FEB 2023 20:00
entering extended mode
 restricted \write18 enabled.
 %&-line parsing enabled.
**./Dasari_Sai_Krishna_SURE_Trust_Course_Report.tex
(Dasari_Sai_Krishna_SURE_Trust_Course_Report.tex
LaTeX2e <2022-06-01> patch level 5
L3 programming layer <2022-09-28>
(C:\Users\DASARI SAI KRISHNA\AppData\Local\Programs\MiKTeX\tex/latex/base\artic
le.cls
Document Class: article 2021/10/04 v1.4n Standard LaTeX document class

(C:\Users\DASARI SAI KRISHNA\AppData\Local\Programs\MiKTeX\tex/latex/base\size1
2.clo
File: size12.clo 2021/10/04 v1.4n Standard LaTeX file (size option)
)
\c@part=\count185
\c@section=\count186
\c@subsection=\count187
\c@subsubsection=\count188
\c@paragraph=\count189
\c@subparagraph=\count190
\c@figure=\count191
\c@table=\count192
\abovecaptionskip=\skip47
\belowcaptionskip=\skip48
\bibindent=\dimen138
)
(C:\Users\DASARI SAI KRISHNA\AppData\Local\Programs\MiKTeX\tex/latex/listings\l
istings.sty
(C:\Users\DASARI SAI KRISHNA\AppData\Local\Programs\MiKTeX\tex/latex/graphics\k
eyval.sty
Package: keyval 2022/05/29 v1.15 key=value parser (DPC)
\KV@toks@=\toks16
)
\lst@mode=\count193
\lst@gtempboxa=\box51
\lst@token=\toks17
\lst@length=\count194
\lst@currlwidth=\dimen139
\lst@column=\count195
\lst@pos=\count196
\lst@lostspace=\dimen140
\lst@width=\dimen141
\lst@newlines=\count197
\lst@lineno=\count198
\lst@maxwidth=\dimen142

(C:\Users\DASARI SAI KRISHNA\AppData\Local\Programs\MiKTeX\tex/latex/listings\l
stmisc.sty
File: lstmisc.sty 2020/03/24 1.8d (Carsten Heinz)
\c@lstnumber=\count199
\lst@skipnumbers=\count266
\lst@framebox=\box52
)
(C:\Users\DASARI SAI KRISHNA\AppData\Local\Programs\MiKTeX\tex/latex/listings\l
istings.cfg
File: listings.cfg 2020/03/24 1.8d listings configuration
))
Package: listings 2020/03/24 1.8d (Carsten Heinz)

(C:\Users\DASARI SAI KRISHNA\AppData\Local\Programs\MiKTeX\tex/latex/comment\co
mment.sty
\CommentStream=\write3
 Excluding comment 'comment')
(C:\Users\DASARI SAI KRISHNA\AppData\Local\Programs\MiKTeX\tex/latex/caption\su
bcaption.sty
Package: subcaption 2022/01/07 v1.5 Sub-captions (AR)

(C:\Users\DASARI SAI KRISHNA\AppData\Local\Programs\MiKTeX\tex/latex/caption\ca
ption.sty
Package: caption 2022/03/01 v3.6b Customizing captions (AR)

(C:\Users\DASARI SAI KRISHNA\AppData\Local\Programs\MiKTeX\tex/latex/caption\ca
ption3.sty
Package: caption3 2022/03/17 v2.3b caption3 kernel (AR)
\caption@tempdima=\dimen143
\captionmargin=\dimen144
\caption@leftmargin=\dimen145
\caption@rightmargin=\dimen146
\caption@width=\dimen147
\caption@indent=\dimen148
\caption@parindent=\dimen149
\caption@hangindent=\dimen150
Package caption Info: Standard document class detected.
)
\c@caption@flags=\count267
\c@continuedfloat=\count268
Package caption Info: listings package is loaded.
)
\c@subfigure=\count269
\c@subtable=\count270
)
(C:\Users\DASARI SAI KRISHNA\AppData\Local\Programs\MiKTeX\tex/latex/geometry\g
eometry.sty
Package: geometry 2020/01/02 v5.9 Page Geometry

(C:\Users\DASARI SAI KRISHNA\AppData\Local\Programs\MiKTeX\tex/generic/iftex\if
vtex.sty
Package: ifvtex 2019/10/25 v1.7 ifvtex legacy package. Use iftex instead.

(C:\Users\DASARI SAI KRISHNA\AppData\Local\Programs\MiKTeX\tex/generic/iftex\if
tex.sty
Package: iftex 2022/02/03 v1.0f TeX engine tests
))
\Gm@cnth=\count271
\Gm@cntv=\count272
\c@Gm@tempcnt=\count273
\Gm@bindingoffset=\dimen151
\Gm@wd@mp=\dimen152
\Gm@odd@mp=\dimen153
\Gm@even@mp=\dimen154
\Gm@layoutwidth=\dimen155
\Gm@layoutheight=\dimen156
\Gm@layouthoffset=\dimen157
\Gm@layoutvoffset=\dimen158
\Gm@dimlist=\toks18

(C:\Users\DASARI SAI KRISHNA\AppData\Local\Programs\MiKTeX\tex/latex/geometry\g
eometry.cfg))
(C:\Users\DASARI SAI KRISHNA\AppData\Local\Programs\MiKTeX\tex/latex/graphics\g
raphicx.sty
Package: graphicx 2021/09/16 v1.2d Enhanced LaTeX Graphics (DPC,SPQR)

(C:\Users\DASARI SAI KRISHNA\AppData\Local\Programs\MiKTeX\tex/latex/graphics\g
raphics.sty
Package: graphics 2022/03/10 v1.4e Standard LaTeX Graphics (DPC,SPQR)

(C:\Users\DASARI SAI KRISHNA\AppData\Local\Programs\MiKTeX\tex/latex/graphics\t
rig.sty
Package: trig 2021/08/11 v1.11 sin cos tan (DPC)
)
(C:\Users\DASARI SAI KRISHNA\AppData\Local\Programs\MiKTeX\tex/latex/graphics-c
fg\graphics.cfg
File: graphics.cfg 2016/06/04 v1.11 sample graphics configuration
)
Package graphics Info: Driver file: pdftex.def on input line 107.

(C:\Users\DASARI SAI KRISHNA\AppData\Local\Programs\MiKTeX\tex/latex/graphics-d
ef\pdftex.def
File: pdftex.def 2022/09/22 v1.2b Graphics/color driver for pdftex
\stockwidth=\dimen159
\stockheight=\dimen160
))
\Gin@req@height=\dimen161
\Gin@req@width=\dimen162
)
(C:\Users\DASARI SAI KRISHNA\AppData\Local\Programs\MiKTeX\tex/latex/hyperref\h
yperref.sty
Package: hyperref 2022-09-22 v7.00t Hypertext links for LaTeX

(C:\Users\DASARI SAI KRISHNA\AppData\Local\Programs\MiKTeX\tex/generic/ltxcmds\
ltxcmds.sty
Package: ltxcmds 2020-05-10 v1.25 LaTeX kernel commands for general use (HO)
)
(C:\Users\DASARI SAI KRISHNA\AppData\Local\Programs\MiKTeX\tex/generic/pdftexcm
ds\pdftexcmds.sty
Package: pdftexcmds 2020-06-27 v0.33 Utility functions of pdfTeX for LuaTeX (HO
)

(C:\Users\DASARI SAI KRISHNA\AppData\Local\Programs\MiKTeX\tex/generic/infwarer
r\infwarerr.sty
Package: infwarerr 2019/12/03 v1.5 Providing info/warning/error messages (HO)
)
Package pdftexcmds Info: \pdf@primitive is available.
Package pdftexcmds Info: \pdf@ifprimitive is available.
Package pdftexcmds Info: \pdfdraftmode found.
)
(C:\Users\DASARI SAI KRISHNA\AppData\Local\Programs\MiKTeX\tex/latex/kvsetkeys\
kvsetkeys.sty
Package: kvsetkeys 2022-10-05 v1.19 Key value parser (HO)
)
(C:\Users\DASARI SAI KRISHNA\AppData\Local\Programs\MiKTeX\tex/generic/kvdefine
keys\kvdefinekeys.sty
Package: kvdefinekeys 2019-12-19 v1.6 Define keys (HO)
)
(C:\Users\DASARI SAI KRISHNA\AppData\Local\Programs\MiKTeX\tex/generic/pdfescap
e\pdfescape.sty
Package: pdfescape 2019/12/09 v1.15 Implements pdfTeX's escape features (HO)
)
(C:\Users\DASARI SAI KRISHNA\AppData\Local\Programs\MiKTeX\tex/latex/hycolor\hy
color.sty
Package: hycolor 2020-01-27 v1.10 Color options for hyperref/bookmark (HO)
)
(C:\Users\DASARI SAI KRISHNA\AppData\Local\Programs\MiKTeX\tex/latex/letltxmacr
o\letltxmacro.sty
Package: letltxmacro 2019/12/03 v1.6 Let assignment for LaTeX macros (HO)
)
(C:\Users\DASARI SAI KRISHNA\AppData\Local\Programs\MiKTeX\tex/latex/auxhook\au
xhook.sty
Package: auxhook 2019-12-17 v1.6 Hooks for auxiliary files (HO)
)
(C:\Users\DASARI SAI KRISHNA\AppData\Local\Programs\MiKTeX\tex/latex/hyperref\n
ameref.sty
Package: nameref 2022-05-17 v2.50 Cross-referencing by name of section

(C:\Users\DASARI SAI KRISHNA\AppData\Local\Programs\MiKTeX\tex/latex/refcount\r
efcount.sty
Package: refcount 2019/12/15 v3.6 Data extraction from label references (HO)
)
(C:\Users\DASARI SAI KRISHNA\AppData\Local\Programs\MiKTeX\tex/generic/gettitle
string\gettitlestring.sty
Package: gettitlestring 2019/12/15 v1.6 Cleanup title references (HO)

(C:\Users\DASARI SAI KRISHNA\AppData\Local\Programs\MiKTeX\tex/latex/kvoptions\
kvoptions.sty
Package: kvoptions 2022-06-15 v3.15 Key value format for package options (HO)
))
\c@section@level=\count274
)
\@linkdim=\dimen163
\Hy@linkcounter=\count275
\Hy@pagecounter=\count276

(C:\Users\DASARI SAI KRISHNA\AppData\Local\Programs\MiKTeX\tex/latex/hyperref\p
d1enc.def
File: pd1enc.def 2022-09-22 v7.00t Hyperref: PDFDocEncoding definition (HO)
Now handling font encoding PD1 ...
... no UTF-8 mapping file for font encoding PD1
)
(C:\Users\DASARI SAI KRISHNA\AppData\Local\Programs\MiKTeX\tex/generic/intcalc\
intcalc.sty
Package: intcalc 2019/12/15 v1.3 Expandable calculations with integers (HO)
)
(C:\Users\DASARI SAI KRISHNA\AppData\Local\Programs\MiKTeX\tex/generic/etexcmds
\etexcmds.sty
Package: etexcmds 2019/12/15 v1.7 Avoid name clashes with e-TeX commands (HO)
)
\Hy@SavedSpaceFactor=\count277

(C:\Users\DASARI SAI KRISHNA\AppData\Local\Programs\MiKTeX\tex/latex/hyperref\p
uenc.def
File: puenc.def 2022-09-22 v7.00t Hyperref: PDF Unicode definition (HO)
Now handling font encoding PU ...
... no UTF-8 mapping file for font encoding PU
)
Package hyperref Info: Hyper figures OFF on input line 4162.
Package hyperref Info: Link nesting OFF on input line 4167.
Package hyperref Info: Hyper index ON on input line 4170.
Package hyperref Info: Plain pages OFF on input line 4177.
Package hyperref Info: Backreferencing OFF on input line 4182.
Package hyperref Info: Implicit mode ON; LaTeX internals redefined.
Package hyperref Info: Bookmarks ON on input line 4410.
\c@Hy@tempcnt=\count278

(C:\Users\DASARI SAI KRISHNA\AppData\Local\Programs\MiKTeX\tex/latex/url\url.st
y
\Urlmuskip=\muskip16
Package: url 2013/09/16  ver 3.4  Verb mode for urls, etc.
)
LaTeX Info: Redefining \url on input line 4748.
\XeTeXLinkMargin=\dimen164

(C:\Users\DASARI SAI KRISHNA\AppData\Local\Programs\MiKTeX\tex/generic/bitset\b
itset.sty
Package: bitset 2019/12/09 v1.3 Handle bit-vector datatype (HO)

(C:\Users\DASARI SAI KRISHNA\AppData\Local\Programs\MiKTeX\tex/generic/bigintca
lc\bigintcalc.sty
Package: bigintcalc 2019/12/15 v1.5 Expandable calculations on big integers (HO
)
))
\Fld@menulength=\count279
\Field@Width=\dimen165
\Fld@charsize=\dimen166
Package hyperref Info: Hyper figures OFF on input line 6027.
Package hyperref Info: Link nesting OFF on input line 6032.
Package hyperref Info: Hyper index ON on input line 6035.
Package hyperref Info: backreferencing OFF on input line 6042.
Package hyperref Info: Link coloring OFF on input line 6047.
Package hyperref Info: Link coloring with OCG OFF on input line 6052.
Package hyperref Info: PDF/A mode OFF on input line 6057.

(C:\Users\DASARI SAI KRISHNA\AppData\Local\Programs\MiKTeX\tex/latex/base\atbeg
shi-ltx.sty
Package: atbegshi-ltx 2021/01/10 v1.0c Emulation of the original atbegshi
package with kernel methods
)
\Hy@abspage=\count280
\c@Item=\count281
\c@Hfootnote=\count282
)
Package hyperref Info: Driver (autodetected): hpdftex.

(C:\Users\DASARI SAI KRISHNA\AppData\Local\Programs\MiKTeX\tex/latex/hyperref\h
pdftex.def
File: hpdftex.def 2022-09-22 v7.00t Hyperref driver for pdfTeX

(C:\Users\DASARI SAI KRISHNA\AppData\Local\Programs\MiKTeX\tex/latex/base\atver
yend-ltx.sty
Package: atveryend-ltx 2020/08/19 v1.0a Emulation of the original atveryend pac
kage
with kernel methods
)
\Fld@listcount=\count283
\c@bookmark@seq@number=\count284

(C:\Users\DASARI SAI KRISHNA\AppData\Local\Programs\MiKTeX\tex/latex/rerunfilec
heck\rerunfilecheck.sty
Package: rerunfilecheck 2022-07-10 v1.10 Rerun checks for auxiliary files (HO)

(C:\Users\DASARI SAI KRISHNA\AppData\Local\Programs\MiKTeX\tex/generic/uniqueco
unter\uniquecounter.sty
Package: uniquecounter 2019/12/15 v1.4 Provide unlimited unique counter (HO)
)
Package uniquecounter Info: New unique counter `rerunfilecheck' on input line 2
85.
)
\Hy@SectionHShift=\skip49
)
Package hyperref Info: Option `colorlinks' set `true' on input line 16.

(C:\Users\DASARI SAI KRISHNA\AppData\Local\Programs\MiKTeX\tex/latex/l3backend\
l3backend-pdftex.def
File: l3backend-pdftex.def 2022-09-28 L3 backend support: PDF output (pdfTeX)
\l__color_backend_stack_int=\count285
\l__pdf_internal_box=\box53
) (Dasari_Sai_Krishna_SURE_Trust_Course_Report.aux

LaTeX Warning: Label `block_diagram1' multiply defined.


LaTeX Warning: Label `schematic_diagram1' multiply defined.


LaTeX Warning: Label `block_diagram1' multiply defined.

)
\openout1 = `Dasari_Sai_Krishna_SURE_Trust_Course_Report.aux'.

LaTeX Font Info:    Checking defaults for OML/cmm/m/it on input line 24.
LaTeX Font Info:    ... okay on input line 24.
LaTeX Font Info:    Checking defaults for OMS/cmsy/m/n on input line 24.
LaTeX Font Info:    ... okay on input line 24.
LaTeX Font Info:    Checking defaults for OT1/cmr/m/n on input line 24.
LaTeX Font Info:    ... okay on input line 24.
LaTeX Font Info:    Checking defaults for T1/cmr/m/n on input line 24.
LaTeX Font Info:    ... okay on input line 24.
LaTeX Font Info:    Checking defaults for TS1/cmr/m/n on input line 24.
LaTeX Font Info:    ... okay on input line 24.
LaTeX Font Info:    Checking defaults for OMX/cmex/m/n on input line 24.
LaTeX Font Info:    ... okay on input line 24.
LaTeX Font Info:    Checking defaults for U/cmr/m/n on input line 24.
LaTeX Font Info:    ... okay on input line 24.
LaTeX Font Info:    Checking defaults for PD1/pdf/m/n on input line 24.
LaTeX Font Info:    ... okay on input line 24.
LaTeX Font Info:    Checking defaults for PU/pdf/m/n on input line 24.
LaTeX Font Info:    ... okay on input line 24.
\c@lstlisting=\count286
Package caption Info: Begin \AtBeginDocument code.
Package caption Info: hyperref package is loaded.
Package caption Info: End \AtBeginDocument code.

*geometry* driver: auto-detecting
*geometry* detected driver: pdftex
*geometry* verbose mode - [ preamble ] result:
* driver: pdftex
* paper: <default>
* layout: <same size as paper>
* layoutoffset:(h,v)=(0.0pt,0.0pt)
* modes: includefoot 
* h-part:(L,W,R)=(108.405pt, 433.62001pt, 72.26999pt)
* v-part:(T,H,B)=(72.26999pt, 650.43001pt, 72.26999pt)
* \paperwidth=614.295pt
* \paperheight=794.96999pt
* \textwidth=433.62001pt
* \textheight=620.43001pt
* \oddsidemargin=36.13501pt
* \evensidemargin=36.13501pt
* \topmargin=-37.0pt
* \headheight=12.0pt
* \headsep=25.0pt
* \topskip=12.0pt
* \footskip=30.0pt
* \marginparwidth=44.0pt
* \marginparsep=10.0pt
* \columnsep=10.0pt
* \skip\footins=10.8pt plus 4.0pt minus 2.0pt
* \hoffset=0.0pt
* \voffset=0.0pt
* \mag=1000
* \@twocolumnfalse
* \@twosidefalse
* \@mparswitchfalse
* \@reversemarginfalse
* (1in=72.27pt=25.4mm, 1cm=28.453pt)


(C:\Users\DASARI SAI KRISHNA\AppData\Local\Programs\MiKTeX\tex/context/base/mki
i\supp-pdf.mkii
[Loading MPS to PDF converter (version 2006.09.02).]
\scratchcounter=\count287
\scratchdimen=\dimen167
\scratchbox=\box54
\nofMPsegments=\count288
\nofMParguments=\count289
\everyMPshowfont=\toks19
\MPscratchCnt=\count290
\MPscratchDim=\dimen168
\MPnumerator=\count291
\makeMPintoPDFobject=\count292
\everyMPtoPDFconversion=\toks20
)
(C:\Users\DASARI SAI KRISHNA\AppData\Local\Programs\MiKTeX\tex/latex/epstopdf-p
kg\epstopdf-base.sty
Package: epstopdf-base 2020-01-24 v2.11 Base part for package epstopdf
Package epstopdf-base Info: Redefining graphics rule for `.eps' on input line 4
85.

(C:\Users\DASARI SAI KRISHNA\AppData\Local\Programs\MiKTeX\tex/latex/00miktex\e
pstopdf-sys.cfg
File: epstopdf-sys.cfg 2021/03/18 v2.0 Configuration of epstopdf for MiKTeX
))
(C:\Users\DASARI SAI KRISHNA\AppData\Local\Programs\MiKTeX\tex/latex/graphics\c
olor.sty
Package: color 2022/01/06 v1.3d Standard LaTeX Color (DPC)

(C:\Users\DASARI SAI KRISHNA\AppData\Local\Programs\MiKTeX\tex/latex/graphics-c
fg\color.cfg
File: color.cfg 2016/01/02 v1.6 sample color configuration
)
Package color Info: Driver file: pdftex.def on input line 149.

(C:\Users\DASARI SAI KRISHNA\AppData\Local\Programs\MiKTeX\tex/latex/graphics\m
athcolor.ltx))
Package hyperref Info: Link coloring ON on input line 24.
 (Dasari_Sai_Krishna_SURE_Trust_Course_Report.out)
(Dasari_Sai_Krishna_SURE_Trust_Course_Report.out)
\@outlinefile=\write4
\openout4 = `Dasari_Sai_Krishna_SURE_Trust_Course_Report.out'.

<images//suretrust_logo.png, id=231, 224.84pt x 225.84375pt>
File: images//suretrust_logo.png Graphic file (type png)
<use images//suretrust_logo.png>
Package pdftex.def Info: images//suretrust_logo.png  used on input line 49.
(pdftex.def)             Requested size: 202.35413pt x 203.25748pt.
 [1

{C:/Users/DASARI SAI KRISHNA/AppData/Local/MiKTeX/fonts/map/pdftex/pdftex.map} 
<./images//suretrust_logo.png>]
File: images//suretrust_logo.png Graphic file (type png)
<use images//suretrust_logo.png>
Package pdftex.def Info: images//suretrust_logo.png  used on input line 75.
(pdftex.def)             Requested size: 134.90503pt x 135.50728pt.

Underfull \hbox (badness 10000) in paragraph at lines 82--83

 []

<images//yogeshsir_sign.png, id=244, 172.39406pt x 48.93282pt>
File: images//yogeshsir_sign.png Graphic file (type png)
<use images//yogeshsir_sign.png>
Package pdftex.def Info: images//yogeshsir_sign.png  used on input line 87.
(pdftex.def)             Requested size: 103.43723pt x 29.3599pt.
<images//radhamam_sign.png, id=246, 182.18062pt x 42.91031pt>
File: images//radhamam_sign.png Graphic file (type png)
<use images//radhamam_sign.png>
Package pdftex.def Info: images//radhamam_sign.png  used on input line 95.
(pdftex.def)             Requested size: 173.44534pt x 40.85425pt.
<images//vandana_sign.png, id=247, 127.97812pt x 39.89906pt>
File: images//vandana_sign.png Graphic file (type png)
<use images//vandana_sign.png>
Package pdftex.def Info: images//vandana_sign.png  used on input line 103.
(pdftex.def)             Requested size: 173.44534pt x 54.0775pt.

Overfull \hbox (5.21552pt too wide) in paragraph at lines 94--110
[][]   []
 []

Excluding 'comment' comment.
pdfTeX warning (ext4): destination with the same identifier (name{page.1}) has 
been already used, duplicate ignored
<to be read again> 
                   \relax 
l.135 \tableofcontents
                       %for making table of contents [1 <./images//yogeshsir_si
gn.png> <./images//radhamam_sign.png> <./images//vandana_sign.png>]
(Dasari_Sai_Krishna_SURE_Trust_Course_Report.toc
LaTeX Font Info:    External font `cmex10' loaded for size
(Font)              <12> on input line 2.
LaTeX Font Info:    External font `cmex10' loaded for size
(Font)              <8> on input line 2.
LaTeX Font Info:    External font `cmex10' loaded for size
(Font)              <6> on input line 2.
 [2])
\tf@toc=\write5
\openout5 = `Dasari_Sai_Krishna_SURE_Trust_Course_Report.toc'.

 [3] [4

] [5] [6]
Underfull \hbox (badness 10000) in paragraph at lines 278--279

 []

[7] [8] [9]
Overfull \hbox (17.88065pt too wide) in paragraph at lines 346--347
[]\OT1/cmr/m/n/12 The "\OT1/cmr/bx/n/12 Each One Plant One\OT1/cmr/m/n/12 "[Fig
:[][]2[][]] ini-tia-tive is an ex-cel-lent ex-am-ple of a community-
 []


Underfull \hbox (badness 10000) in paragraph at lines 346--347

 []

<images//eachoneplantone.png, id=354, 356.0803pt x 350.05782pt>
File: images//eachoneplantone.png Graphic file (type png)
<use images//eachoneplantone.png>
Package pdftex.def Info: images//eachoneplantone.png  used on input line 350.
(pdftex.def)             Requested size: 249.25452pt x 245.03879pt.
[10 <./images//eachoneplantone.png>]
Underfull \hbox (badness 10000) in paragraph at lines 365--366

 []


Underfull \hbox (badness 10000) in paragraph at lines 368--368

 []


Package hyperref Warning: Token not allowed in a PDF string (Unicode):
(hyperref)                removing `\\' on input line 369.

<images//block1.png, id=362, 767.86874pt x 347.04657pt>
File: images//block1.png Graphic file (type png)
<use images//block1.png>
Package pdftex.def Info: images//block1.png  used on input line 373.
(pdftex.def)             Requested size: 383.93343pt x 173.52286pt.
[11 <./images//block1.png>]
(C:\Users\DASARI SAI KRISHNA\AppData\Local\Programs\MiKTeX\tex/latex/listings\l
stlang1.sty
File: lstlang1.sty 2020/03/24 1.8d listings language file
)
(C:\Users\DASARI SAI KRISHNA\AppData\Local\Programs\MiKTeX\tex/latex/listings\l
stmisc.sty
File: lstmisc.sty 2020/03/24 1.8d (Carsten Heinz)
)
LaTeX Font Info:    Trying to load font information for OML+cmr on input line 4
20.

(C:\Users\DASARI SAI KRISHNA\AppData\Local\Programs\MiKTeX\tex/latex/base\omlcm
r.fd
File: omlcmr.fd 2019/12/16 v2.5j Standard LaTeX font definitions
)
LaTeX Font Info:    Font shape `OML/cmr/m/n' in size <12> not available
(Font)              Font shape `OML/cmm/m/it' tried instead on input line 420.

Overfull \hbox (10.52922pt too wide) in paragraph at lines 423--425
[][][][][][][][][][][][][][][][][][][][][][][][][][][][][][][][][][][][][][][][
][][][][][][][][] 
 []

LaTeX Font Info:    Trying to load font information for OMS+cmr on input line 4
26.

(C:\Users\DASARI SAI KRISHNA\AppData\Local\Programs\MiKTeX\tex/latex/base\omscm
r.fd
File: omscmr.fd 2019/12/16 v2.5j Standard LaTeX font definitions
)
LaTeX Font Info:    Font shape `OMS/cmr/m/n' in size <12> not available
(Font)              Font shape `OMS/cmsy/m/n' tried instead on input line 426.

Overfull \hbox (38.72917pt too wide) in paragraph at lines 439--440
[][][][][][][][][][][][][][][][] 
 []

[12] [13]
Overfull \hbox (73.97911pt too wide) in paragraph at lines 506--507
[][][][][][][][][][][][][][][][][][][][][][] 
 []

LaTeX Font Info:    Font shape `OMS/cmr/m/it' in size <12> not available
(Font)              Font shape `OMS/cmsy/m/n' tried instead on input line 516.
LaTeX Font Info:    Font shape `OML/cmr/m/it' in size <12> not available
(Font)              Font shape `OML/cmm/m/it' tried instead on input line 516.

Overfull \hbox (66.92912pt too wide) in paragraph at lines 516--517
[][][][][][][][][][][][][][][][][][][][][][][][][][][] 
 []

[14] [15]
<images//schematic1.png, id=531, 651.93562pt x 377.15906pt>
File: images//schematic1.png Graphic file (type png)
<use images//schematic1.png>
Package pdftex.def Info: images//schematic1.png  used on input line 569.
(pdftex.def)             Requested size: 456.35182pt x 264.00954pt.

Overfull \hbox (22.73181pt too wide) in paragraph at lines 569--570
 [][] 
 []

[16 <./images//schematic1.png>]
<images//block2.png, id=538, 963.6pt x 542.025pt>
File: images//block2.png Graphic file (type png)
<use images//block2.png>
Package pdftex.def Info: images//block2.png  used on input line 593.
(pdftex.def)             Requested size: 481.79883pt x 271.01183pt.

Overfull \hbox (48.17882pt too wide) in paragraph at lines 593--594
 [][] 
 []


Overfull \hbox (41.88629pt too wide) in paragraph at lines 601--634
[] 
 []

[17 <./images//block2.png>]
Overfull \hbox (59.87914pt too wide) in paragraph at lines 661--663
[][][][][][][][][][][][][][][][][][][][][][][][][][][][][] 
 []

[18] [19] [20] [21] [22]
<images//schematic2.png, id=759, 511.15968pt x 360.59718pt>
File: images//schematic2.png Graphic file (type png)
<use images//schematic2.png>
Package pdftex.def Info: images//schematic2.png  used on input line 841.
(pdftex.def)             Requested size: 357.80933pt x 252.4163pt.
 [23 <./images//schematic2.png>]
<images//block3.png, id=771, 963.6pt x 542.025pt>
File: images//block3.png Graphic file (type png)
<use images//block3.png>
Package pdftex.def Info: images//block3.png  used on input line 863.
(pdftex.def)             Requested size: 481.79883pt x 271.01183pt.

Overfull \hbox (48.17882pt too wide) in paragraph at lines 863--864
 [][] 
 []


Overfull \hbox (11.20607pt too wide) in paragraph at lines 871--892
[] 
 []

[24 <./images//block3.png>] [25]
<images//schematic3.png, id=814, 593.21625pt x 318.43968pt>
File: images//schematic3.png Graphic file (type png)
<use images//schematic3.png>
Package pdftex.def Info: images//schematic3.png  used on input line 945.
(pdftex.def)             Requested size: 415.24854pt x 222.90625pt.
 [26 <./images//schematic3.png>]
<images//block4.png, id=834, 963.6pt x 542.025pt>
File: images//block4.png Graphic file (type png)
<use images//block4.png>
Package pdftex.def Info: images//block4.png  used on input line 966.
(pdftex.def)             Requested size: 481.79883pt x 271.01183pt.

Overfull \hbox (48.17882pt too wide) in paragraph at lines 966--967
 [][] 
 []


Overfull \hbox (29.07672pt too wide) in paragraph at lines 974--999
[] 
 []

[27 <./images//block4.png>] [28] [29] [30] [31]
<images//schematic4.png, id=1013, 612.03656pt x 330.48468pt>
File: images//schematic4.png Graphic file (type png)
<use images//schematic4.png>
Package pdftex.def Info: images//schematic4.png  used on input line 1182.
(pdftex.def)             Requested size: 428.42267pt x 231.33769pt.
 [32 <./images//schematic4.png>]
<images//block5.png, id=1037, 963.6pt x 542.025pt>
File: images//block5.png Graphic file (type png)
<use images//block5.png>
Package pdftex.def Info: images//block5.png  used on input line 1203.
(pdftex.def)             Requested size: 385.43317pt x 216.80615pt.

Overfull \hbox (32.49054pt too wide) in paragraph at lines 1211--1238
[] 
 []

[33 <./images//block5.png>] [34] [35] [36] [37] [38]
<images//schematic5.png, id=1246, 615.0478pt x 426.84468pt>
File: images//schematic5.png Graphic file (type png)
<use images//schematic5.png>
Package pdftex.def Info: images//schematic5.png  used on input line 1430.
(pdftex.def)             Requested size: 430.53053pt x 298.78925pt.
 [39 <./images//schematic5.png>]
Underfull \hbox (badness 10000) in paragraph at lines 1440--1441

 []


Underfull \hbox (badness 10000) in paragraph at lines 1442--1443

 []


Overfull \hbox (0.38101pt too wide) in paragraph at lines 1444--1445
[]\OT1/cmr/bx/n/12 Use a con-sis-tent style: \OT1/cmr/m/n/12 Fol-low a con-sis-
tent cod-ing style through-out your project,
 []


Underfull \hbox (badness 10000) in paragraph at lines 1444--1445

 []


Underfull \hbox (badness 10000) in paragraph at lines 1446--1447

 []


Underfull \hbox (badness 10000) in paragraph at lines 1448--1449

 []


Underfull \hbox (badness 10000) in paragraph at lines 1450--1451

 []


Underfull \hbox (badness 10000) in paragraph at lines 1452--1454

 []

[40]
Underfull \hbox (badness 10000) in paragraph at lines 1468--1469

 []

[41] [42] (Dasari_Sai_Krishna_SURE_Trust_Course_Report.aux)

LaTeX Warning: There were multiply-defined labels.

Package rerunfilecheck Info: File `Dasari_Sai_Krishna_SURE_Trust_Course_Report.
out' has not changed.
(rerunfilecheck)             Checksum: 180EDB22044D33E7E7815B204A1CE450;9667.
 ) 
Here is how much of TeX's memory you used:
 13246 strings out of 475385
 215907 string characters out of 2770735
 748201 words of memory out of 3000000
 33628 multiletter control sequences out of 15000+600000
 476394 words of font info for 51 fonts, out of 8000000 for 9000
 1141 hyphenation exceptions out of 8191
 72i,8n,77p,715b,1976s stack positions out of 10000i,1000n,20000p,200000b,80000s
 <C:\Users\DASARI SAI KRISHNA\AppData\Local\MiKTeX\fonts/pk/ljfour/jknappen/e
c/dpi600\tcti1200.pk> <C:\Users\DASARI SAI KRISHNA\AppData\Local\MiKTeX\fonts/p
k/ljfour/jknappen/ec/dpi600\tcrm1200.pk><C:/Users/DASARI SAI KRISHNA/AppData/Lo
cal/Programs/MiKTeX/fonts/type1/public/amsfonts/cm/cmbx10.pfb><C:/Users/DASARI 
SAI KRISHNA/AppData/Local/Programs/MiKTeX/fonts/type1/public/amsfonts/cm/cmbx12
.pfb><C:/Users/DASARI SAI KRISHNA/AppData/Local/Programs/MiKTeX/fonts/type1/pub
lic/amsfonts/cm/cmmi12.pfb><C:/Users/DASARI SAI KRISHNA/AppData/Local/Programs/
MiKTeX/fonts/type1/public/amsfonts/cm/cmr10.pfb><C:/Users/DASARI SAI KRISHNA/Ap
pData/Local/Programs/MiKTeX/fonts/type1/public/amsfonts/cm/cmr12.pfb><C:/Users/
DASARI SAI KRISHNA/AppData/Local/Programs/MiKTeX/fonts/type1/public/amsfonts/cm
/cmr17.pfb><C:/Users/DASARI SAI KRISHNA/AppData/Local/Programs/MiKTeX/fonts/typ
e1/public/amsfonts/cm/cmsy10.pfb><C:/Users/DASARI SAI KRISHNA/AppData/Local/Pro
grams/MiKTeX/fonts/type1/public/amsfonts/cm/cmti12.pfb>
Output written on Dasari_Sai_Krishna_SURE_Trust_Course_Report.pdf (43 pages, 77
9886 bytes).
PDF statistics:
 1486 PDF objects out of 1728 (max. 8388607)
 853 named destinations out of 1000 (max. 500000)
 532 words of extra memory for PDF output out of 10000 (max. 10000000)

